[2026-03-12 10:58:55,257] INFO [popular_consultation:52] services - SupabaseService inicializado
[2026-03-12 10:58:55,258] INFO [popular_consultation:52] services - SupabaseService inicializado
[2026-03-12 10:58:55,258] INFO [popular_consultation:52] services - SupabaseService inicializado
[2026-03-12 10:58:55,258] INFO [popular_consultation:52] services - SupabaseService inicializado
[2026-03-12 10:58:55,820] INFO [popular_consultation:52] services - SupabaseService inicializado
[2026-03-12 10:58:55,820] INFO [popular_consultation:52] services - SupabaseService inicializado
[2026-03-12 10:58:55,820] INFO [popular_consultation:52] services - SupabaseService inicializado
[2026-03-12 10:58:55,821] INFO [popular_consultation:52] services - SupabaseService inicializado
[2026-03-12 10:59:52,364] INFO [popular_consultation:53] services - SupabaseService inicializado
[2026-03-12 10:59:52,364] INFO [popular_consultation:53] services - SupabaseService inicializado
[2026-03-12 10:59:52,365] INFO [popular_consultation:53] services - SupabaseService inicializado
[2026-03-12 10:59:52,365] INFO [popular_consultation:53] services - SupabaseService inicializado
[2026-03-12 10:59:52,365] INFO [popular_consultation:229] services - ConsultationsService inicializado
[2026-03-12 11:01:28,815] INFO [popular_consultation:53] services - SupabaseService inicializado
[2026-03-12 11:01:28,815] INFO [popular_consultation:53] services - SupabaseService inicializado
[2026-03-12 11:01:28,816] INFO [popular_consultation:53] services - SupabaseService inicializado
[2026-03-12 11:01:28,816] INFO [popular_consultation:53] services - SupabaseService inicializado
[2026-03-12 11:01:28,816] INFO [popular_consultation:229] services - ConsultationsService inicializado
[2026-03-12 11:04:18,463] INFO [popular_consultation:53] services - SupabaseService inicializado
[2026-03-12 11:04:18,463] INFO [popular_consultation:53] services - SupabaseService inicializado
[2026-03-12 11:04:18,463] INFO [popular_consultation:53] services - SupabaseService inicializado
[2026-03-12 11:04:18,463] INFO [popular_consultation:53] services - SupabaseService inicializado
[2026-03-12 11:04:18,464] INFO [popular_consultation:229] services - ConsultationsService inicializado
[2026-03-12 11:04:49,195] INFO [popular_consultation:53] services - SupabaseService inicializado
[2026-03-12 11:04:49,198] INFO [popular_consultation:53] services - SupabaseService inicializado
[2026-03-12 11:04:49,198] INFO [popular_consultation:53] services - SupabaseService inicializado
[2026-03-12 11:04:49,199] INFO [popular_consultation:53] services - SupabaseService inicializado
[2026-03-12 11:04:49,200] INFO [popular_consultation:229] services - ConsultationsService inicializado
[2026-03-12 11:16:13,438] INFO [popular_consultation:53] services - SupabaseService inicializado
[2026-03-12 11:16:13,439] INFO [popular_consultation:53] services - SupabaseService inicializado
[2026-03-12 11:16:13,439] INFO [popular_consultation:53] services - SupabaseService inicializado
[2026-03-12 11:16:13,439] INFO [popular_consultation:53] services - SupabaseService inicializado
[2026-03-12 11:16:13,439] INFO [popular_consultation:229] services - ConsultationsService inicializado
[2026-03-12 11:16:48,732] INFO [popular_consultation:53] services - SupabaseService inicializado
[2026-03-12 11:16:48,733] INFO [popular_consultation:53] services - SupabaseService inicializado
[2026-03-12 11:16:48,733] INFO [popular_consultation:53] services - SupabaseService inicializado
[2026-03-12 11:16:48,733] INFO [popular_consultation:53] services - SupabaseService inicializado
[2026-03-12 11:16:48,733] INFO [popular_consultation:229] services - ConsultationsService inicializado
[2026-03-12 11:28:07,417] INFO [popular_consultation:53] services - SupabaseService inicializado
[2026-03-12 11:28:07,418] INFO [popular_consultation:53] services - SupabaseService inicializado
[2026-03-12 11:28:07,418] INFO [popular_consultation:53] services - SupabaseService inicializado
[2026-03-12 11:28:07,418] INFO [popular_consultation:53] services - SupabaseService inicializado
[2026-03-12 11:28:07,419] INFO [popular_consultation:229] services - ConsultationsService inicializado para tabla popular_consultation
[2026-03-12 11:30:15,012] INFO [popular_consultation:53] services - SupabaseService inicializado
[2026-03-12 11:30:15,013] INFO [popular_consultation:53] services - SupabaseService inicializado
[2026-03-12 11:30:15,013] INFO [popular_consultation:53] services - SupabaseService inicializado
[2026-03-12 11:30:15,013] INFO [popular_consultation:53] services - SupabaseService inicializado
[2026-03-12 11:30:15,013] INFO [popular_consultation:229] services - ConsultationsService inicializado para tabla popular_consultation
[2026-03-12 11:32:40,902] INFO [popular_consultation:53] services - SupabaseService inicializado
[2026-03-12 11:32:40,908] INFO [popular_consultation:53] services - SupabaseService inicializado
[2026-03-12 11:32:40,909] INFO [popular_consultation:53] services - SupabaseService inicializado
[2026-03-12 11:32:40,913] INFO [popular_consultation:53] services - SupabaseService inicializado
[2026-03-12 11:32:40,915] INFO [popular_consultation:229] services - ConsultationsService inicializado para tabla popular_consultation
[2026-03-12 11:34:46,841] INFO [popular_consultation:53] services - SupabaseService inicializado
[2026-03-12 11:34:46,841] INFO [popular_consultation:53] services - SupabaseService inicializado
[2026-03-12 11:34:46,841] INFO [popular_consultation:53] services - SupabaseService inicializado
[2026-03-12 11:34:46,841] INFO [popular_consultation:53] services - SupabaseService inicializado
[2026-03-12 11:34:46,841] INFO [popular_consultation:229] services - ConsultationsService inicializado para tabla popular_consultation
[2026-03-12 11:36:08,814] INFO [popular_consultation:53] services - SupabaseService inicializado
[2026-03-12 11:36:08,814] INFO [popular_consultation:53] services - SupabaseService inicializado
[2026-03-12 11:36:08,814] INFO [popular_consultation:53] services - SupabaseService inicializado
[2026-03-12 11:36:08,814] INFO [popular_consultation:53] services - SupabaseService inicializado
[2026-03-12 11:36:08,814] INFO [popular_consultation:229] services - ConsultationsService inicializado para tabla popular_consultation
[2026-03-12 11:36:24,483] INFO [popular_consultation:69] views - === INICIO CREACIÓN CONSULTA POPULAR ===
[2026-03-12 11:36:24,484] INFO [popular_consultation:70] views - Request data: {'title': 'Consulta con URL Correcta', 'description': 'Probando con la URL actualizada consultation-popular', 'questions': [{'text': 'żFunciona ahora?'}], 'proprietary_representation': 'Test Final', 'status': 'ACTIVE'}
[2026-03-12 11:36:24,484] INFO [popular_consultation:71] views - Request method: POST
[2026-03-12 11:36:24,484] INFO [popular_consultation:72] views - Request user: AnonymousUser
[2026-03-12 11:36:24,484] INFO [popular_consultation:81] views - Datos validados correctamente
[2026-03-12 11:36:24,484] INFO [popular_consultation:13] use_cases - CreateConsultationUseCase inicializado
[2026-03-12 11:36:24,484] INFO [popular_consultation:17] use_cases - === INICIO CREATE CONSULTATION USE CASE ===
[2026-03-12 11:36:24,484] INFO [popular_consultation:18] use_cases - Datos recibidos: {'title': 'Consulta con URL Correcta', 'description': 'Probando con la URL actualizada consultation-popular', 'questions': [{'text': 'żFunciona ahora?'}], 'proprietary_representation': 'Test Final', 'status': 'ACTIVE'}
[2026-03-12 11:36:24,484] INFO [popular_consultation:28] use_cases - Campos requeridos validados
[2026-03-12 11:36:24,484] INFO [popular_consultation:40] use_cases - Entidad creada: Consulta con URL Correcta
[2026-03-12 11:36:24,484] INFO [popular_consultation:15] supabase_repository - === INICIO SAVE EN SUPABASE ===
[2026-03-12 11:36:24,484] INFO [popular_consultation:16] supabase_repository - Datos: Consulta con URL Correcta, Probando con la URL actualizada consultation-popular
[2026-03-12 11:36:24,484] INFO [popular_consultation:28] supabase_repository - Datos para Supabase: {'title': 'Consulta con URL Correcta', 'description': 'Probando con la URL actualizada consultation-popular', 'questions': [{'text': 'żFunciona ahora?'}], 'proprietary_representation': 'Test Final', 'status': 'ACTIVE'}
[2026-03-12 11:36:24,485] INFO [popular_consultation:233] services - === INICIO CREATE CONSULTATION EN TABLA POPULAR_CONSULTATION ===
[2026-03-12 11:36:24,485] INFO [popular_consultation:234] services - Datos recibidos: {'title': 'Consulta con URL Correcta', 'description': 'Probando con la URL actualizada consultation-popular', 'questions': [{'text': 'żFunciona ahora?'}], 'proprietary_representation': 'Test Final', 'status': 'ACTIVE'}
[2026-03-12 11:36:24,485] INFO [popular_consultation:235] services - Tabla objetivo: popular_consultation
[2026-03-12 11:36:24,485] INFO [popular_consultation:58] services - === INICIO INSERT RECORD EN TABLA popular_consultation ===
[2026-03-12 11:36:24,485] INFO [popular_consultation:59] services - Datos a insertar: {'title': 'Consulta con URL Correcta', 'description': 'Probando con la URL actualizada consultation-popular', 'questions': [{'text': 'żFunciona ahora?'}], 'proprietary_representation': 'Test Final', 'status': 'ACTIVE'}
[2026-03-12 11:36:25,964] ERROR [popular_consultation:75] services - Error insertando en popular_consultation: {'message': "Could not find the table 'public.popular_consultation' in the schema cache", 'code': 'PGRST205', 'hint': "Perhaps you meant the table 'public.popular_consultations'", 'details': None}
[2026-03-12 11:36:25,964] ERROR [popular_consultation:76] services - Exception type: APIError
[2026-03-12 11:36:25,964] INFO [popular_consultation:77] services - === FIN ERROR INSERT RECORD ===
[2026-03-12 11:36:25,964] ERROR [popular_consultation:243] services - ERROR en create_consultation: {'message': "Could not find the table 'public.popular_consultation' in the schema cache", 'code': 'PGRST205', 'hint': "Perhaps you meant the table 'public.popular_consultations'", 'details': None}
[2026-03-12 11:36:25,964] ERROR [popular_consultation:244] services - Exception type: APIError
[2026-03-12 11:36:25,964] INFO [popular_consultation:245] services - === FIN ERROR CREATE CONSULTATION EN TABLA POPULAR_CONSULTATION ===
[2026-03-12 11:36:25,964] ERROR [popular_consultation:50] supabase_repository - Error guardando consulta: {'message': "Could not find the table 'public.popular_consultation' in the schema cache", 'code': 'PGRST205', 'hint': "Perhaps you meant the table 'public.popular_consultations'", 'details': None}
[2026-03-12 11:36:25,964] ERROR [popular_consultation:50] use_cases - Error en CreateConsultationUseCase: {'message': "Could not find the table 'public.popular_consultation' in the schema cache", 'code': 'PGRST205', 'hint': "Perhaps you meant the table 'public.popular_consultations'", 'details': None}
[2026-03-12 11:36:25,964] INFO [popular_consultation:51] use_cases - === FIN ERROR CREATE CONSULTATION USE CASE ===
[2026-03-12 11:36:25,964] ERROR [popular_consultation:107] views - Error en creación: {'message': "Could not find the table 'public.popular_consultation' in the schema cache", 'code': 'PGRST205', 'hint': "Perhaps you meant the table 'public.popular_consultations'", 'details': None}
[2026-03-12 11:36:25,964] INFO [popular_consultation:108] views - === FIN ERROR CREACIÓN CONSULTA POPULAR ===
[2026-03-12 11:36:48,255] INFO [popular_consultation:22] views - === INICIO LISTADO CONSULTAS POPULARES ===
[2026-03-12 11:36:48,255] INFO [popular_consultation:23] views - Request method: GET
[2026-03-12 11:36:48,255] INFO [popular_consultation:24] views - Request user: AnonymousUser
[2026-03-12 11:36:48,255] INFO [popular_consultation:59] use_cases - GetConsultationsUseCase inicializado
[2026-03-12 11:36:48,255] INFO [popular_consultation:63] use_cases - === INICIO GET CONSULTATIONS USE CASE ===
[2026-03-12 11:36:48,255] INFO [popular_consultation:55] supabase_repository - === INICIO GET ALL SUPABASE ===
[2026-03-12 11:36:48,255] INFO [popular_consultation:250] services - === INICIO GET ALL CONSULTATIONS DE POPULAR_CONSULTATION ===
[2026-03-12 11:36:48,589] ERROR [popular_consultation:258] services - ERROR en get_all_consultations: {'message': "Could not find the table 'public.popular_consultation' in the schema cache", 'code': 'PGRST205', 'hint': "Perhaps you meant the table 'public.popular_consultations'", 'details': None}
[2026-03-12 11:36:48,589] INFO [popular_consultation:259] services - === FIN ERROR GET ALL CONSULTATIONS DE POPULAR_CONSULTATION ===
[2026-03-12 11:36:48,589] INFO [popular_consultation:59] supabase_repository - Resultados obtenidos: 0
[2026-03-12 11:36:48,589] INFO [popular_consultation:75] supabase_repository - Consultas convertidas: 0
[2026-03-12 11:36:48,589] INFO [popular_consultation:67] use_cases - Consultas obtenidas: 0
[2026-03-12 11:36:48,589] INFO [popular_consultation:68] use_cases - === FIN GET CONSULTATIONS USE CASE ===
[2026-03-12 11:36:48,589] INFO [popular_consultation:33] views - Consultas obtenidas: 0
[2026-03-12 11:36:48,589] INFO [popular_consultation:49] views - === FIN LISTADO CONSULTAS POPULARES ===
[2026-03-12 11:39:48,353] INFO [popular_consultation:69] views - === INICIO CREACIÓN CONSULTA POPULAR ===
[2026-03-12 11:39:48,354] INFO [popular_consultation:70] views - Request data: {'title': 'Consulta con Tabla Corregida', 'description': 'Probando con popular_consultations (con s)', 'questions': [{'text': 'żFunciona con la tabla correcta?'}], 'proprietary_representation': 'Test Tabla', 'status': 'ACTIVE'}
[2026-03-12 11:39:48,354] INFO [popular_consultation:71] views - Request method: POST
[2026-03-12 11:39:48,354] INFO [popular_consultation:72] views - Request user: AnonymousUser
[2026-03-12 11:39:48,355] INFO [popular_consultation:81] views - Datos validados correctamente
[2026-03-12 11:39:48,355] INFO [popular_consultation:13] use_cases - CreateConsultationUseCase inicializado
[2026-03-12 11:39:48,355] INFO [popular_consultation:17] use_cases - === INICIO CREATE CONSULTATION USE CASE ===
[2026-03-12 11:39:48,355] INFO [popular_consultation:18] use_cases - Datos recibidos: {'title': 'Consulta con Tabla Corregida', 'description': 'Probando con popular_consultations (con s)', 'questions': [{'text': 'żFunciona con la tabla correcta?'}], 'proprietary_representation': 'Test Tabla', 'status': 'ACTIVE'}
[2026-03-12 11:39:48,355] INFO [popular_consultation:28] use_cases - Campos requeridos validados
[2026-03-12 11:39:48,356] INFO [popular_consultation:40] use_cases - Entidad creada: Consulta con Tabla Corregida
[2026-03-12 11:39:48,356] INFO [popular_consultation:15] supabase_repository - === INICIO SAVE EN SUPABASE ===
[2026-03-12 11:39:48,356] INFO [popular_consultation:16] supabase_repository - Datos: Consulta con Tabla Corregida, Probando con popular_consultations (con s)
[2026-03-12 11:39:48,356] INFO [popular_consultation:28] supabase_repository - Datos para Supabase: {'title': 'Consulta con Tabla Corregida', 'description': 'Probando con popular_consultations (con s)', 'questions': [{'text': 'żFunciona con la tabla correcta?'}], 'proprietary_representation': 'Test Tabla', 'status': 'ACTIVE'}
[2026-03-12 11:39:48,356] INFO [popular_consultation:233] services - === INICIO CREATE CONSULTATION EN TABLA POPULAR_CONSULTATION ===
[2026-03-12 11:39:48,356] INFO [popular_consultation:234] services - Datos recibidos: {'title': 'Consulta con Tabla Corregida', 'description': 'Probando con popular_consultations (con s)', 'questions': [{'text': 'żFunciona con la tabla correcta?'}], 'proprietary_representation': 'Test Tabla', 'status': 'ACTIVE'}
[2026-03-12 11:39:48,356] INFO [popular_consultation:235] services - Tabla objetivo: popular_consultation
[2026-03-12 11:39:48,356] INFO [popular_consultation:58] services - === INICIO INSERT RECORD EN TABLA popular_consultation ===
[2026-03-12 11:39:48,356] INFO [popular_consultation:59] services - Datos a insertar: {'title': 'Consulta con Tabla Corregida', 'description': 'Probando con popular_consultations (con s)', 'questions': [{'text': 'żFunciona con la tabla correcta?'}], 'proprietary_representation': 'Test Tabla', 'status': 'ACTIVE'}
[2026-03-12 11:40:09,915] ERROR [popular_consultation:75] services - Error insertando en popular_consultation: {'message': "Could not find the table 'public.popular_consultation' in the schema cache", 'code': 'PGRST205', 'hint': "Perhaps you meant the table 'public.popular_consultations'", 'details': None}
[2026-03-12 11:40:09,915] ERROR [popular_consultation:76] services - Exception type: APIError
[2026-03-12 11:40:09,916] INFO [popular_consultation:77] services - === FIN ERROR INSERT RECORD ===
[2026-03-12 11:40:09,916] ERROR [popular_consultation:243] services - ERROR en create_consultation: {'message': "Could not find the table 'public.popular_consultation' in the schema cache", 'code': 'PGRST205', 'hint': "Perhaps you meant the table 'public.popular_consultations'", 'details': None}
[2026-03-12 11:40:09,916] ERROR [popular_consultation:244] services - Exception type: APIError
[2026-03-12 11:40:09,916] INFO [popular_consultation:245] services - === FIN ERROR CREATE CONSULTATION EN TABLA POPULAR_CONSULTATION ===
[2026-03-12 11:40:09,916] ERROR [popular_consultation:50] supabase_repository - Error guardando consulta: {'message': "Could not find the table 'public.popular_consultation' in the schema cache", 'code': 'PGRST205', 'hint': "Perhaps you meant the table 'public.popular_consultations'", 'details': None}
[2026-03-12 11:40:09,916] ERROR [popular_consultation:50] use_cases - Error en CreateConsultationUseCase: {'message': "Could not find the table 'public.popular_consultation' in the schema cache", 'code': 'PGRST205', 'hint': "Perhaps you meant the table 'public.popular_consultations'", 'details': None}
[2026-03-12 11:40:09,916] INFO [popular_consultation:51] use_cases - === FIN ERROR CREATE CONSULTATION USE CASE ===
[2026-03-12 11:40:09,916] ERROR [popular_consultation:107] views - Error en creación: {'message': "Could not find the table 'public.popular_consultation' in the schema cache", 'code': 'PGRST205', 'hint': "Perhaps you meant the table 'public.popular_consultations'", 'details': None}
[2026-03-12 11:40:09,916] INFO [popular_consultation:108] views - === FIN ERROR CREACIÓN CONSULTA POPULAR ===
[2026-03-12 11:40:45,161] INFO [popular_consultation:22] views - === INICIO LISTADO CONSULTAS POPULARES ===
[2026-03-12 11:40:45,161] INFO [popular_consultation:23] views - Request method: GET
[2026-03-12 11:40:45,161] INFO [popular_consultation:24] views - Request user: AnonymousUser
[2026-03-12 11:40:45,161] INFO [popular_consultation:59] use_cases - GetConsultationsUseCase inicializado
[2026-03-12 11:40:45,161] INFO [popular_consultation:63] use_cases - === INICIO GET CONSULTATIONS USE CASE ===
[2026-03-12 11:40:45,161] INFO [popular_consultation:55] supabase_repository - === INICIO GET ALL SUPABASE ===
[2026-03-12 11:40:45,161] INFO [popular_consultation:250] services - === INICIO GET ALL CONSULTATIONS DE POPULAR_CONSULTATION ===
[2026-03-12 11:41:06,542] ERROR [popular_consultation:258] services - ERROR en get_all_consultations: {'message': "Could not find the table 'public.popular_consultation' in the schema cache", 'code': 'PGRST205', 'hint': "Perhaps you meant the table 'public.popular_consultations'", 'details': None}
[2026-03-12 11:41:06,543] INFO [popular_consultation:259] services - === FIN ERROR GET ALL CONSULTATIONS DE POPULAR_CONSULTATION ===
[2026-03-12 11:41:06,543] INFO [popular_consultation:59] supabase_repository - Resultados obtenidos: 0
[2026-03-12 11:41:06,544] INFO [popular_consultation:75] supabase_repository - Consultas convertidas: 0
[2026-03-12 11:41:06,544] INFO [popular_consultation:67] use_cases - Consultas obtenidas: 0
[2026-03-12 11:41:06,544] INFO [popular_consultation:68] use_cases - === FIN GET CONSULTATIONS USE CASE ===
[2026-03-12 11:41:06,545] INFO [popular_consultation:33] views - Consultas obtenidas: 0
[2026-03-12 11:41:06,545] INFO [popular_consultation:49] views - === FIN LISTADO CONSULTAS POPULARES ===
[2026-03-12 11:44:47,374] INFO [popular_consultation:69] views - === INICIO CREACIÓN CONSULTA POPULAR ===
[2026-03-12 11:44:47,375] INFO [popular_consultation:70] views - Request data: {'title': 'Consulta Post-Limpieza', 'description': 'Probando después de limpiar caché de Python', 'questions': [{'text': 'żFunciona ahora sin caché?'}], 'proprietary_representation': 'Test Sin Cache', 'status': 'ACTIVE'}
[2026-03-12 11:44:47,375] INFO [popular_consultation:71] views - Request method: POST
[2026-03-12 11:44:47,375] INFO [popular_consultation:72] views - Request user: AnonymousUser
[2026-03-12 11:44:47,375] INFO [popular_consultation:81] views - Datos validados correctamente
[2026-03-12 11:44:47,376] INFO [popular_consultation:13] use_cases - CreateConsultationUseCase inicializado
[2026-03-12 11:44:47,376] INFO [popular_consultation:17] use_cases - === INICIO CREATE CONSULTATION USE CASE ===
[2026-03-12 11:44:47,376] INFO [popular_consultation:18] use_cases - Datos recibidos: {'title': 'Consulta Post-Limpieza', 'description': 'Probando después de limpiar caché de Python', 'questions': [{'text': 'żFunciona ahora sin caché?'}], 'proprietary_representation': 'Test Sin Cache', 'status': 'ACTIVE'}
[2026-03-12 11:44:47,376] INFO [popular_consultation:28] use_cases - Campos requeridos validados
[2026-03-12 11:44:47,376] INFO [popular_consultation:40] use_cases - Entidad creada: Consulta Post-Limpieza
[2026-03-12 11:44:47,376] INFO [popular_consultation:15] supabase_repository - === INICIO SAVE EN SUPABASE ===
[2026-03-12 11:44:47,376] INFO [popular_consultation:16] supabase_repository - Datos: Consulta Post-Limpieza, Probando después de limpiar caché de Python
[2026-03-12 11:44:47,376] INFO [popular_consultation:28] supabase_repository - Datos para Supabase: {'title': 'Consulta Post-Limpieza', 'description': 'Probando después de limpiar caché de Python', 'questions': [{'text': 'żFunciona ahora sin caché?'}], 'proprietary_representation': 'Test Sin Cache', 'status': 'ACTIVE'}
[2026-03-12 11:44:47,376] INFO [popular_consultation:233] services - === INICIO CREATE CONSULTATION EN TABLA POPULAR_CONSULTATION ===
[2026-03-12 11:44:47,376] INFO [popular_consultation:234] services - Datos recibidos: {'title': 'Consulta Post-Limpieza', 'description': 'Probando después de limpiar caché de Python', 'questions': [{'text': 'żFunciona ahora sin caché?'}], 'proprietary_representation': 'Test Sin Cache', 'status': 'ACTIVE'}
[2026-03-12 11:44:47,376] INFO [popular_consultation:235] services - Tabla objetivo: popular_consultation
[2026-03-12 11:44:47,376] INFO [popular_consultation:58] services - === INICIO INSERT RECORD EN TABLA popular_consultation ===
[2026-03-12 11:44:47,376] INFO [popular_consultation:59] services - Datos a insertar: {'title': 'Consulta Post-Limpieza', 'description': 'Probando después de limpiar caché de Python', 'questions': [{'text': 'żFunciona ahora sin caché?'}], 'proprietary_representation': 'Test Sin Cache', 'status': 'ACTIVE'}
[2026-03-12 11:44:48,251] ERROR [popular_consultation:75] services - Error insertando en popular_consultation: {'message': "Could not find the table 'public.popular_consultation' in the schema cache", 'code': 'PGRST205', 'hint': "Perhaps you meant the table 'public.popular_consultations'", 'details': None}
[2026-03-12 11:44:48,251] ERROR [popular_consultation:76] services - Exception type: APIError
[2026-03-12 11:44:48,252] INFO [popular_consultation:77] services - === FIN ERROR INSERT RECORD ===
[2026-03-12 11:44:48,252] ERROR [popular_consultation:243] services - ERROR en create_consultation: {'message': "Could not find the table 'public.popular_consultation' in the schema cache", 'code': 'PGRST205', 'hint': "Perhaps you meant the table 'public.popular_consultations'", 'details': None}
[2026-03-12 11:44:48,252] ERROR [popular_consultation:244] services - Exception type: APIError
[2026-03-12 11:44:48,252] INFO [popular_consultation:245] services - === FIN ERROR CREATE CONSULTATION EN TABLA POPULAR_CONSULTATION ===
[2026-03-12 11:44:48,252] ERROR [popular_consultation:50] supabase_repository - Error guardando consulta: {'message': "Could not find the table 'public.popular_consultation' in the schema cache", 'code': 'PGRST205', 'hint': "Perhaps you meant the table 'public.popular_consultations'", 'details': None}
[2026-03-12 11:44:48,252] ERROR [popular_consultation:50] use_cases - Error en CreateConsultationUseCase: {'message': "Could not find the table 'public.popular_consultation' in the schema cache", 'code': 'PGRST205', 'hint': "Perhaps you meant the table 'public.popular_consultations'", 'details': None}
[2026-03-12 11:44:48,252] INFO [popular_consultation:51] use_cases - === FIN ERROR CREATE CONSULTATION USE CASE ===
[2026-03-12 11:44:48,252] ERROR [popular_consultation:107] views - Error en creación: {'message': "Could not find the table 'public.popular_consultation' in the schema cache", 'code': 'PGRST205', 'hint': "Perhaps you meant the table 'public.popular_consultations'", 'details': None}
[2026-03-12 11:44:48,252] INFO [popular_consultation:108] views - === FIN ERROR CREACIÓN CONSULTA POPULAR ===
[2026-03-12 11:45:41,035] INFO [popular_consultation:53] services - SupabaseService inicializado
[2026-03-12 11:45:41,037] INFO [popular_consultation:53] services - SupabaseService inicializado
[2026-03-12 11:45:41,040] INFO [popular_consultation:53] services - SupabaseService inicializado
[2026-03-12 11:45:41,043] INFO [popular_consultation:53] services - SupabaseService inicializado
[2026-03-12 11:45:41,050] INFO [popular_consultation:229] services - ConsultationsService inicializado para tabla popular_consultations
[2026-03-12 11:45:50,845] INFO [popular_consultation:69] views - === INICIO CREACIÓN CONSULTA POPULAR ===
[2026-03-12 11:45:50,846] INFO [popular_consultation:70] views - Request data: {'title': 'żDebería implementarse más transporte público?', 'description': 'Consulta sobre la expansión del transporte público en la ciudad', 'questions': [{'text': 'żApoyas la expansión del transporte público?', 'type': 'yes_no'}], 'status': 'ACTIVE', 'proprietary_representation': 'Consejo Municipal'}
[2026-03-12 11:45:50,846] INFO [popular_consultation:71] views - Request method: POST
[2026-03-12 11:45:50,847] INFO [popular_consultation:72] views - Request user: AnonymousUser
[2026-03-12 11:45:50,848] INFO [popular_consultation:81] views - Datos validados correctamente
[2026-03-12 11:45:50,849] INFO [popular_consultation:13] use_cases - CreateConsultationUseCase inicializado
[2026-03-12 11:45:50,849] INFO [popular_consultation:17] use_cases - === INICIO CREATE CONSULTATION USE CASE ===
[2026-03-12 11:45:50,849] INFO [popular_consultation:18] use_cases - Datos recibidos: {'title': 'żDebería implementarse más transporte público?', 'description': 'Consulta sobre la expansión del transporte público en la ciudad', 'questions': [{'text': 'żApoyas la expansión del transporte público?', 'type': 'yes_no'}], 'proprietary_representation': 'Consejo Municipal', 'status': 'ACTIVE'}
[2026-03-12 11:45:50,849] INFO [popular_consultation:28] use_cases - Campos requeridos validados
[2026-03-12 11:45:50,849] INFO [popular_consultation:40] use_cases - Entidad creada: żDebería implementarse más transporte público?
[2026-03-12 11:45:50,849] INFO [popular_consultation:15] supabase_repository - === INICIO SAVE EN SUPABASE ===
[2026-03-12 11:45:50,849] INFO [popular_consultation:16] supabase_repository - Datos: żDebería implementarse más transporte público?, Consulta sobre la expansión del transporte público en la ciudad
[2026-03-12 11:45:50,850] INFO [popular_consultation:28] supabase_repository - Datos para Supabase: {'title': 'żDebería implementarse más transporte público?', 'description': 'Consulta sobre la expansión del transporte público en la ciudad', 'questions': [{'text': 'żApoyas la expansión del transporte público?', 'type': 'yes_no'}], 'proprietary_representation': 'Consejo Municipal', 'status': 'ACTIVE'}
[2026-03-12 11:45:50,850] INFO [popular_consultation:233] services - === INICIO CREATE CONSULTATION EN TABLA POPULAR_CONSULTATION ===
[2026-03-12 11:45:50,851] INFO [popular_consultation:234] services - Datos recibidos: {'title': 'żDebería implementarse más transporte público?', 'description': 'Consulta sobre la expansión del transporte público en la ciudad', 'questions': [{'text': 'żApoyas la expansión del transporte público?', 'type': 'yes_no'}], 'proprietary_representation': 'Consejo Municipal', 'status': 'ACTIVE'}
[2026-03-12 11:45:50,852] INFO [popular_consultation:235] services - Tabla objetivo: popular_consultation
[2026-03-12 11:45:50,852] INFO [popular_consultation:58] services - === INICIO INSERT RECORD EN TABLA popular_consultation ===
[2026-03-12 11:45:50,852] INFO [popular_consultation:59] services - Datos a insertar: {'title': 'żDebería implementarse más transporte público?', 'description': 'Consulta sobre la expansión del transporte público en la ciudad', 'questions': [{'text': 'żApoyas la expansión del transporte público?', 'type': 'yes_no'}], 'proprietary_representation': 'Consejo Municipal', 'status': 'ACTIVE'}
[2026-03-12 11:45:51,234] ERROR [popular_consultation:75] services - Error insertando en popular_consultation: {'message': "Could not find the table 'public.popular_consultation' in the schema cache", 'code': 'PGRST205', 'hint': "Perhaps you meant the table 'public.popular_consultations'", 'details': None}
[2026-03-12 11:45:51,234] ERROR [popular_consultation:76] services - Exception type: APIError
[2026-03-12 11:45:51,234] INFO [popular_consultation:77] services - === FIN ERROR INSERT RECORD ===
[2026-03-12 11:45:51,234] ERROR [popular_consultation:243] services - ERROR en create_consultation: {'message': "Could not find the table 'public.popular_consultation' in the schema cache", 'code': 'PGRST205', 'hint': "Perhaps you meant the table 'public.popular_consultations'", 'details': None}
[2026-03-12 11:45:51,234] ERROR [popular_consultation:244] services - Exception type: APIError
[2026-03-12 11:45:51,234] INFO [popular_consultation:245] services - === FIN ERROR CREATE CONSULTATION EN TABLA POPULAR_CONSULTATION ===
[2026-03-12 11:45:51,235] ERROR [popular_consultation:50] supabase_repository - Error guardando consulta: {'message': "Could not find the table 'public.popular_consultation' in the schema cache", 'code': 'PGRST205', 'hint': "Perhaps you meant the table 'public.popular_consultations'", 'details': None}
[2026-03-12 11:45:51,235] ERROR [popular_consultation:50] use_cases - Error en CreateConsultationUseCase: {'message': "Could not find the table 'public.popular_consultation' in the schema cache", 'code': 'PGRST205', 'hint': "Perhaps you meant the table 'public.popular_consultations'", 'details': None}
[2026-03-12 11:45:51,235] INFO [popular_consultation:51] use_cases - === FIN ERROR CREATE CONSULTATION USE CASE ===
[2026-03-12 11:45:51,235] ERROR [popular_consultation:107] views - Error en creación: {'message': "Could not find the table 'public.popular_consultation' in the schema cache", 'code': 'PGRST205', 'hint': "Perhaps you meant the table 'public.popular_consultations'", 'details': None}
[2026-03-12 11:45:51,235] INFO [popular_consultation:108] views - === FIN ERROR CREACIÓN CONSULTA POPULAR ===
[2026-03-12 11:46:05,653] INFO [popular_consultation:69] views - === INICIO CREACIÓN CONSULTA POPULAR ===
[2026-03-12 11:46:05,653] INFO [popular_consultation:70] views - Request data: {'title': 'żDebería implementarse más transporte público?', 'description': 'Consulta sobre la expansión del transporte público en la ciudad', 'questions': [{'text': 'żApoyas la expansión del transporte público?', 'type': 'yes_no'}], 'status': 'ACTIVE', 'proprietary_representation': 'Consejo Municipal'}
[2026-03-12 11:46:05,653] INFO [popular_consultation:71] views - Request method: POST
[2026-03-12 11:46:05,653] INFO [popular_consultation:72] views - Request user: AnonymousUser
[2026-03-12 11:46:05,654] INFO [popular_consultation:81] views - Datos validados correctamente
[2026-03-12 11:46:05,654] INFO [popular_consultation:13] use_cases - CreateConsultationUseCase inicializado
[2026-03-12 11:46:05,654] INFO [popular_consultation:17] use_cases - === INICIO CREATE CONSULTATION USE CASE ===
[2026-03-12 11:46:05,654] INFO [popular_consultation:18] use_cases - Datos recibidos: {'title': 'żDebería implementarse más transporte público?', 'description': 'Consulta sobre la expansión del transporte público en la ciudad', 'questions': [{'text': 'żApoyas la expansión del transporte público?', 'type': 'yes_no'}], 'proprietary_representation': 'Consejo Municipal', 'status': 'ACTIVE'}
[2026-03-12 11:46:05,654] INFO [popular_consultation:28] use_cases - Campos requeridos validados
[2026-03-12 11:46:05,655] INFO [popular_consultation:40] use_cases - Entidad creada: żDebería implementarse más transporte público?
[2026-03-12 11:46:05,655] INFO [popular_consultation:15] supabase_repository - === INICIO SAVE EN SUPABASE ===
[2026-03-12 11:46:05,655] INFO [popular_consultation:16] supabase_repository - Datos: żDebería implementarse más transporte público?, Consulta sobre la expansión del transporte público en la ciudad
[2026-03-12 11:46:05,655] INFO [popular_consultation:28] supabase_repository - Datos para Supabase: {'title': 'żDebería implementarse más transporte público?', 'description': 'Consulta sobre la expansión del transporte público en la ciudad', 'questions': [{'text': 'żApoyas la expansión del transporte público?', 'type': 'yes_no'}], 'proprietary_representation': 'Consejo Municipal', 'status': 'ACTIVE'}
[2026-03-12 11:46:05,655] INFO [popular_consultation:233] services - === INICIO CREATE CONSULTATION EN TABLA POPULAR_CONSULTATION ===
[2026-03-12 11:46:05,655] INFO [popular_consultation:234] services - Datos recibidos: {'title': 'żDebería implementarse más transporte público?', 'description': 'Consulta sobre la expansión del transporte público en la ciudad', 'questions': [{'text': 'żApoyas la expansión del transporte público?', 'type': 'yes_no'}], 'proprietary_representation': 'Consejo Municipal', 'status': 'ACTIVE'}
[2026-03-12 11:46:05,655] INFO [popular_consultation:235] services - Tabla objetivo: popular_consultation
[2026-03-12 11:46:05,655] INFO [popular_consultation:58] services - === INICIO INSERT RECORD EN TABLA popular_consultation ===
[2026-03-12 11:46:05,655] INFO [popular_consultation:59] services - Datos a insertar: {'title': 'żDebería implementarse más transporte público?', 'description': 'Consulta sobre la expansión del transporte público en la ciudad', 'questions': [{'text': 'żApoyas la expansión del transporte público?', 'type': 'yes_no'}], 'proprietary_representation': 'Consejo Municipal', 'status': 'ACTIVE'}
[2026-03-12 11:46:27,055] ERROR [popular_consultation:75] services - Error insertando en popular_consultation: {'message': "Could not find the table 'public.popular_consultation' in the schema cache", 'code': 'PGRST205', 'hint': "Perhaps you meant the table 'public.popular_consultations'", 'details': None}
[2026-03-12 11:46:27,056] ERROR [popular_consultation:76] services - Exception type: APIError
[2026-03-12 11:46:27,056] INFO [popular_consultation:77] services - === FIN ERROR INSERT RECORD ===
[2026-03-12 11:46:27,056] ERROR [popular_consultation:243] services - ERROR en create_consultation: {'message': "Could not find the table 'public.popular_consultation' in the schema cache", 'code': 'PGRST205', 'hint': "Perhaps you meant the table 'public.popular_consultations'", 'details': None}
[2026-03-12 11:46:27,056] ERROR [popular_consultation:244] services - Exception type: APIError
[2026-03-12 11:46:27,057] INFO [popular_consultation:245] services - === FIN ERROR CREATE CONSULTATION EN TABLA POPULAR_CONSULTATION ===
[2026-03-12 11:46:27,057] ERROR [popular_consultation:50] supabase_repository - Error guardando consulta: {'message': "Could not find the table 'public.popular_consultation' in the schema cache", 'code': 'PGRST205', 'hint': "Perhaps you meant the table 'public.popular_consultations'", 'details': None}
[2026-03-12 11:46:27,057] ERROR [popular_consultation:50] use_cases - Error en CreateConsultationUseCase: {'message': "Could not find the table 'public.popular_consultation' in the schema cache", 'code': 'PGRST205', 'hint': "Perhaps you meant the table 'public.popular_consultations'", 'details': None}
[2026-03-12 11:46:27,057] INFO [popular_consultation:51] use_cases - === FIN ERROR CREATE CONSULTATION USE CASE ===
[2026-03-12 11:46:27,058] ERROR [popular_consultation:107] views - Error en creación: {'message': "Could not find the table 'public.popular_consultation' in the schema cache", 'code': 'PGRST205', 'hint': "Perhaps you meant the table 'public.popular_consultations'", 'details': None}
[2026-03-12 11:46:27,058] INFO [popular_consultation:108] views - === FIN ERROR CREACIÓN CONSULTA POPULAR ===
[2026-03-12 11:46:45,400] INFO [popular_consultation:69] views - === INICIO CREACIÓN CONSULTA POPULAR ===
[2026-03-12 11:46:45,401] INFO [popular_consultation:70] views - Request data: {'title': 'żDebería implementarse más transporte público?', 'description': 'Consulta sobre la expansión del transporte público en la ciudad', 'questions': [{'text': 'żApoyas la expansión del transporte público?', 'type': 'yes_no'}], 'proprietary_representation': 'Consejo Municipal', 'status': 'ACTIVE'}
[2026-03-12 11:46:45,401] INFO [popular_consultation:71] views - Request method: POST
[2026-03-12 11:46:45,402] INFO [popular_consultation:72] views - Request user: AnonymousUser
[2026-03-12 11:46:45,403] INFO [popular_consultation:81] views - Datos validados correctamente
[2026-03-12 11:46:45,404] INFO [popular_consultation:13] use_cases - CreateConsultationUseCase inicializado
[2026-03-12 11:46:45,404] INFO [popular_consultation:17] use_cases - === INICIO CREATE CONSULTATION USE CASE ===
[2026-03-12 11:46:45,405] INFO [popular_consultation:18] use_cases - Datos recibidos: {'title': 'żDebería implementarse más transporte público?', 'description': 'Consulta sobre la expansión del transporte público en la ciudad', 'questions': [{'text': 'żApoyas la expansión del transporte público?', 'type': 'yes_no'}], 'proprietary_representation': 'Consejo Municipal', 'status': 'ACTIVE'}
[2026-03-12 11:46:45,406] INFO [popular_consultation:28] use_cases - Campos requeridos validados
[2026-03-12 11:46:45,406] INFO [popular_consultation:40] use_cases - Entidad creada: żDebería implementarse más transporte público?
[2026-03-12 11:46:45,407] INFO [popular_consultation:15] supabase_repository - === INICIO SAVE EN SUPABASE ===
[2026-03-12 11:46:45,407] INFO [popular_consultation:16] supabase_repository - Datos: żDebería implementarse más transporte público?, Consulta sobre la expansión del transporte público en la ciudad
[2026-03-12 11:46:45,407] INFO [popular_consultation:28] supabase_repository - Datos para Supabase: {'title': 'żDebería implementarse más transporte público?', 'description': 'Consulta sobre la expansión del transporte público en la ciudad', 'questions': [{'text': 'żApoyas la expansión del transporte público?', 'type': 'yes_no'}], 'proprietary_representation': 'Consejo Municipal', 'status': 'ACTIVE'}
[2026-03-12 11:46:45,408] INFO [popular_consultation:233] services - === INICIO CREATE CONSULTATION EN TABLA POPULAR_CONSULTATION ===
[2026-03-12 11:46:45,408] INFO [popular_consultation:234] services - Datos recibidos: {'title': 'żDebería implementarse más transporte público?', 'description': 'Consulta sobre la expansión del transporte público en la ciudad', 'questions': [{'text': 'żApoyas la expansión del transporte público?', 'type': 'yes_no'}], 'proprietary_representation': 'Consejo Municipal', 'status': 'ACTIVE'}
[2026-03-12 11:46:45,409] INFO [popular_consultation:235] services - Tabla objetivo: popular_consultation
[2026-03-12 11:46:45,409] INFO [popular_consultation:58] services - === INICIO INSERT RECORD EN TABLA popular_consultation ===
[2026-03-12 11:46:45,410] INFO [popular_consultation:59] services - Datos a insertar: {'title': 'żDebería implementarse más transporte público?', 'description': 'Consulta sobre la expansión del transporte público en la ciudad', 'questions': [{'text': 'żApoyas la expansión del transporte público?', 'type': 'yes_no'}], 'proprietary_representation': 'Consejo Municipal', 'status': 'ACTIVE'}
[2026-03-12 11:47:06,902] ERROR [popular_consultation:75] services - Error insertando en popular_consultation: {'message': "Could not find the table 'public.popular_consultation' in the schema cache", 'code': 'PGRST205', 'hint': "Perhaps you meant the table 'public.popular_consultations'", 'details': None}
[2026-03-12 11:47:06,902] ERROR [popular_consultation:76] services - Exception type: APIError
[2026-03-12 11:47:06,903] INFO [popular_consultation:77] services - === FIN ERROR INSERT RECORD ===
[2026-03-12 11:47:06,903] ERROR [popular_consultation:243] services - ERROR en create_consultation: {'message': "Could not find the table 'public.popular_consultation' in the schema cache", 'code': 'PGRST205', 'hint': "Perhaps you meant the table 'public.popular_consultations'", 'details': None}
[2026-03-12 11:47:06,903] ERROR [popular_consultation:244] services - Exception type: APIError
[2026-03-12 11:47:06,904] INFO [popular_consultation:245] services - === FIN ERROR CREATE CONSULTATION EN TABLA POPULAR_CONSULTATION ===
[2026-03-12 11:47:06,904] ERROR [popular_consultation:50] supabase_repository - Error guardando consulta: {'message': "Could not find the table 'public.popular_consultation' in the schema cache", 'code': 'PGRST205', 'hint': "Perhaps you meant the table 'public.popular_consultations'", 'details': None}
[2026-03-12 11:47:06,905] ERROR [popular_consultation:50] use_cases - Error en CreateConsultationUseCase: {'message': "Could not find the table 'public.popular_consultation' in the schema cache", 'code': 'PGRST205', 'hint': "Perhaps you meant the table 'public.popular_consultations'", 'details': None}
[2026-03-12 11:47:06,905] INFO [popular_consultation:51] use_cases - === FIN ERROR CREATE CONSULTATION USE CASE ===
[2026-03-12 11:47:06,905] ERROR [popular_consultation:107] views - Error en creación: {'message': "Could not find the table 'public.popular_consultation' in the schema cache", 'code': 'PGRST205', 'hint': "Perhaps you meant the table 'public.popular_consultations'", 'details': None}
[2026-03-12 11:47:06,905] INFO [popular_consultation:108] views - === FIN ERROR CREACIÓN CONSULTA POPULAR ===
[2026-03-12 14:10:45,322] INFO [popular_consultation:53] services - SupabaseService inicializado
[2026-03-12 14:10:45,324] INFO [popular_consultation:53] services - SupabaseService inicializado
[2026-03-12 14:10:45,324] INFO [popular_consultation:53] services - SupabaseService inicializado
[2026-03-12 14:10:45,325] INFO [popular_consultation:53] services - SupabaseService inicializado
[2026-03-12 14:10:45,327] INFO [popular_consultation:229] services - ConsultationsService inicializado para tabla popular_consultations
[2026-03-12 14:11:01,180] INFO [popular_consultation:233] services - === INICIO CREATE CONSULTATION EN TABLA POPULAR_CONSULTATIONS ===
[2026-03-12 14:11:01,181] INFO [popular_consultation:234] services - Datos recibidos: {'title': 'Consulta sobre educación', 'description': 'Consulta popular sobre el sistema educativo', 'questions': [{'id': '', 'text': 'żEstá de acuerdo con la educación gratuita?', 'question_type': 'single_choice', 'options': ['Sí', 'No'], 'required': True}], 'proprietary_representation': 'Representación Ciudadana', 'status': 'draft'}
[2026-03-12 14:11:01,182] INFO [popular_consultation:235] services - Tabla objetivo: popular_consultations
[2026-03-12 14:11:01,183] INFO [popular_consultation:58] services - === INICIO INSERT RECORD EN TABLA popular_consultations ===
[2026-03-12 14:11:01,183] INFO [popular_consultation:59] services - Datos a insertar: {'title': 'Consulta sobre educación', 'description': 'Consulta popular sobre el sistema educativo', 'questions': [{'id': '', 'text': 'żEstá de acuerdo con la educación gratuita?', 'question_type': 'single_choice', 'options': ['Sí', 'No'], 'required': True}], 'proprietary_representation': 'Representación Ciudadana', 'status': 'draft'}
[2026-03-12 14:11:44,259] ERROR [popular_consultation:75] services - Error insertando en popular_consultations: [WinError 10060] A connection attempt failed because the connected party did not properly respond after a period of time, or established connection failed because connected host has failed to respond
[2026-03-12 14:11:44,259] ERROR [popular_consultation:76] services - Exception type: ConnectTimeout
[2026-03-12 14:11:44,260] INFO [popular_consultation:77] services - === FIN ERROR INSERT RECORD ===
[2026-03-12 14:11:44,261] ERROR [popular_consultation:243] services - ERROR en create_consultation: [WinError 10060] A connection attempt failed because the connected party did not properly respond after a period of time, or established connection failed because connected host has failed to respond
[2026-03-12 14:11:44,262] ERROR [popular_consultation:244] services - Exception type: ConnectTimeout
[2026-03-12 14:11:44,263] INFO [popular_consultation:245] services - === FIN ERROR CREATE CONSULTATION EN TABLA POPULAR_CONSULTATIONS ===
[2026-03-12 14:12:34,639] INFO [popular_consultation:233] services - === INICIO CREATE CONSULTATION EN TABLA POPULAR_CONSULTATIONS ===
[2026-03-12 14:12:34,640] INFO [popular_consultation:234] services - Datos recibidos: {'title': 'Consulta sobre educación', 'description': 'Consulta popular sobre el sistema educativo', 'questions': [{'id': '', 'text': 'żEstá de acuerdo con la educación gratuita?', 'question_type': 'single_choice', 'options': ['Sí', 'No'], 'required': True}], 'proprietary_representation': '0e9e344c-74fe-44c1-855c-aede850a382f', 'status': 'draft'}
[2026-03-12 14:12:34,640] INFO [popular_consultation:235] services - Tabla objetivo: popular_consultations
[2026-03-12 14:12:34,641] INFO [popular_consultation:58] services - === INICIO INSERT RECORD EN TABLA popular_consultations ===
[2026-03-12 14:12:34,641] INFO [popular_consultation:59] services - Datos a insertar: {'title': 'Consulta sobre educación', 'description': 'Consulta popular sobre el sistema educativo', 'questions': [{'id': '', 'text': 'żEstá de acuerdo con la educación gratuita?', 'question_type': 'single_choice', 'options': ['Sí', 'No'], 'required': True}], 'proprietary_representation': '0e9e344c-74fe-44c1-855c-aede850a382f', 'status': 'draft'}
[2026-03-12 14:12:35,575] INFO [popular_consultation:63] services - Resultado de inserción: data=[{'id': '2ab8f74f-0a79-4f3a-8f2f-5c0b661c203c', 'title': 'Consulta sobre educación', 'description': 'Consulta popular sobre el sistema educativo', 'questions': [{'id': '', 'text': 'żEstá de acuerdo con la educación gratuita?', 'options': ['Sí', 'No'], 'required': True, 'question_type': 'single_choice'}], 'status': 'draft', 'proprietary_representation': '0e9e344c-74fe-44c1-855c-aede850a382f', 'created_at': '2026-03-12T19:18:20.39577', 'updated_at': '2026-03-12T19:18:20.39577'}] count=None
[2026-03-12 14:12:35,575] INFO [popular_consultation:66] services - Registro insertado exitosamente: {'id': '2ab8f74f-0a79-4f3a-8f2f-5c0b661c203c', 'title': 'Consulta sobre educación', 'description': 'Consulta popular sobre el sistema educativo', 'questions': [{'id': '', 'text': 'żEstá de acuerdo con la educación gratuita?', 'options': ['Sí', 'No'], 'required': True, 'question_type': 'single_choice'}], 'status': 'draft', 'proprietary_representation': '0e9e344c-74fe-44c1-855c-aede850a382f', 'created_at': '2026-03-12T19:18:20.39577', 'updated_at': '2026-03-12T19:18:20.39577'}
[2026-03-12 14:12:35,576] INFO [popular_consultation:67] services - === FIN INSERT RECORD ===
[2026-03-12 14:12:35,576] INFO [popular_consultation:239] services - Consulta creada en Supabase: {'id': '2ab8f74f-0a79-4f3a-8f2f-5c0b661c203c', 'title': 'Consulta sobre educación', 'description': 'Consulta popular sobre el sistema educativo', 'questions': [{'id': '', 'text': 'żEstá de acuerdo con la educación gratuita?', 'options': ['Sí', 'No'], 'required': True, 'question_type': 'single_choice'}], 'status': 'draft', 'proprietary_representation': '0e9e344c-74fe-44c1-855c-aede850a382f', 'created_at': '2026-03-12T19:18:20.39577', 'updated_at': '2026-03-12T19:18:20.39577'}
[2026-03-12 14:12:35,577] INFO [popular_consultation:240] services - === FIN CREATE CONSULTATION EN TABLA POPULAR_CONSULTATIONS ===
[2026-03-12 14:31:57,215] INFO [popular_consultation:58] services - SupabaseService inicializado
[2026-03-12 14:31:57,216] INFO [popular_consultation:58] services - SupabaseService inicializado
[2026-03-12 14:31:57,216] INFO [popular_consultation:58] services - SupabaseService inicializado
[2026-03-12 14:31:57,217] INFO [popular_consultation:58] services - SupabaseService inicializado
[2026-03-12 14:31:57,217] INFO [popular_consultation:269] services - ConsultationsService inicializado para tabla popular_consultations
[2026-03-12 14:36:18,942] INFO [popular_consultation:58] services - SupabaseService inicializado
[2026-03-12 14:36:18,942] INFO [popular_consultation:58] services - SupabaseService inicializado
[2026-03-12 14:36:18,943] INFO [popular_consultation:58] services - SupabaseService inicializado
[2026-03-12 14:36:18,943] INFO [popular_consultation:58] services - SupabaseService inicializado
[2026-03-12 14:36:18,944] INFO [popular_consultation:269] services - ConsultationsService inicializado para tabla popular_consultations
[2026-03-12 14:48:35,500] INFO [popular_consultation:58] services - SupabaseService inicializado
[2026-03-12 14:48:35,500] INFO [popular_consultation:58] services - SupabaseService inicializado
[2026-03-12 14:48:35,500] INFO [popular_consultation:58] services - SupabaseService inicializado
[2026-03-12 14:48:35,500] INFO [popular_consultation:58] services - SupabaseService inicializado
[2026-03-12 14:48:35,501] INFO [popular_consultation:269] services - ConsultationsService inicializado para tabla popular_consultations
[2026-03-12 14:49:49,227] INFO [popular_consultation:58] services - SupabaseService inicializado
[2026-03-12 14:49:49,228] INFO [popular_consultation:58] services - SupabaseService inicializado
[2026-03-12 14:49:49,228] INFO [popular_consultation:58] services - SupabaseService inicializado
[2026-03-12 14:49:49,228] INFO [popular_consultation:58] services - SupabaseService inicializado
[2026-03-12 14:49:49,229] INFO [popular_consultation:269] services - ConsultationsService inicializado para tabla popular_consultations
[2026-03-12 14:54:26,977] INFO [popular_consultation:58] services - SupabaseService inicializado
[2026-03-12 14:54:26,977] INFO [popular_consultation:58] services - SupabaseService inicializado
[2026-03-12 14:54:26,977] INFO [popular_consultation:58] services - SupabaseService inicializado
[2026-03-12 14:54:26,978] INFO [popular_consultation:58] services - SupabaseService inicializado
[2026-03-12 14:54:26,978] INFO [popular_consultation:269] services - ConsultationsService inicializado para tabla popular_consultations
[2026-03-12 14:54:54,196] INFO [popular_consultation:58] services - SupabaseService inicializado
[2026-03-12 14:54:54,196] INFO [popular_consultation:58] services - SupabaseService inicializado
[2026-03-12 14:54:54,197] INFO [popular_consultation:58] services - SupabaseService inicializado
[2026-03-12 14:54:54,197] INFO [popular_consultation:58] services - SupabaseService inicializado
[2026-03-12 14:54:54,197] INFO [popular_consultation:269] services - ConsultationsService inicializado para tabla popular_consultations
[2026-03-12 14:55:04,873] INFO [popular_consultation:58] services - SupabaseService inicializado
[2026-03-12 14:55:04,874] INFO [popular_consultation:58] services - SupabaseService inicializado
[2026-03-12 14:55:04,875] INFO [popular_consultation:58] services - SupabaseService inicializado
[2026-03-12 14:55:04,876] INFO [popular_consultation:58] services - SupabaseService inicializado
[2026-03-12 14:55:04,877] INFO [popular_consultation:269] services - ConsultationsService inicializado para tabla popular_consultations
[2026-03-12 14:55:09,300] INFO [popular_consultation:63] services - === INICIO INSERT RECORD EN TABLA users ===
[2026-03-12 14:55:09,301] INFO [popular_consultation:64] services - Datos a insertar: {'auth_id': '88feada2-12b1-4d1d-9d3b-8c10c5181101', 'full_name': 'Didier Arias', 'document_type': 'CC', 'document_number': '1038134311', 'email': '', 'phone': '3242834033', 'password': None, 'role': 'CITIZEN', 'is_active': True}
[2026-03-12 14:55:09,607] ERROR [popular_consultation:82] services - Error insertando en users: {'message': "Could not find the 'is_active' column of 'users' in the schema cache", 'code': 'PGRST204', 'hint': None, 'details': None}
[2026-03-12 14:55:09,608] ERROR [popular_consultation:83] services - Exception type: APIError
[2026-03-12 14:55:09,609] INFO [popular_consultation:84] services - === FIN ERROR INSERT RECORD ===
[2026-03-12 14:56:07,050] INFO [popular_consultation:63] services - === INICIO INSERT RECORD EN TABLA users ===
[2026-03-12 14:56:07,050] INFO [popular_consultation:64] services - Datos a insertar: {'auth_id': '88feada2-12b1-4d1d-9d3b-8c10c5181101', 'full_name': 'Didier Arias', 'document_type': 'CC', 'document_number': '1038134311', 'email': '', 'phone': '3242834033', 'password': None, 'role': 'CITIZEN', 'is_active': True}
[2026-03-12 14:56:07,254] ERROR [popular_consultation:82] services - Error insertando en users: {'message': "Could not find the 'password' column of 'users' in the schema cache", 'code': 'PGRST204', 'hint': None, 'details': None}
[2026-03-12 14:56:07,255] ERROR [popular_consultation:83] services - Exception type: APIError
[2026-03-12 14:56:07,255] INFO [popular_consultation:84] services - === FIN ERROR INSERT RECORD ===
[2026-03-12 14:56:47,197] INFO [popular_consultation:63] services - === INICIO INSERT RECORD EN TABLA users ===
[2026-03-12 14:56:47,198] INFO [popular_consultation:64] services - Datos a insertar: {'auth_id': '88feada2-12b1-4d1d-9d3b-8c10c5181101', 'full_name': 'Didier Arias', 'document_type': 'CC', 'document_number': '1038134311', 'email': '', 'phone': '3242834033', 'password': None, 'role': 'CITIZEN', 'is_active': True}
[2026-03-12 14:56:47,497] ERROR [popular_consultation:82] services - Error insertando en users: {'message': "Could not find the 'role' column of 'users' in the schema cache", 'code': 'PGRST204', 'hint': None, 'details': None}
[2026-03-12 14:56:47,498] ERROR [popular_consultation:83] services - Exception type: APIError
[2026-03-12 14:56:47,499] INFO [popular_consultation:84] services - === FIN ERROR INSERT RECORD ===
[2026-03-12 14:57:35,217] INFO [popular_consultation:63] services - === INICIO INSERT RECORD EN TABLA users ===
[2026-03-12 14:57:35,217] INFO [popular_consultation:64] services - Datos a insertar: {'auth_id': '88feada2-12b1-4d1d-9d3b-8c10c5181101', 'full_name': 'Didier Arias', 'document_type': 'CC', 'document_number': '1038134311', 'email': '', 'phone': '3242834033', 'password': None, 'role': 'CITIZEN', 'is_active': True}
[2026-03-12 14:57:35,421] INFO [popular_consultation:68] services - Resultado de inserción: data=[{'id': '8c96ae54-f7cc-4a16-b9db-fbdf98aa01ed', 'auth_id': '88feada2-12b1-4d1d-9d3b-8c10c5181101', 'full_name': 'Didier Arias', 'document_type': 'CC', 'document_number': '1038134311', 'phone': '3242834033', 'created_at': '2026-03-12T20:03:20.366199+00:00', 'updated_at': '2026-03-12T20:03:20.366199+00:00', 'email': '', 'is_active': True, 'password': None, 'role': 'CITIZEN'}] count=None
[2026-03-12 14:57:35,422] INFO [popular_consultation:71] services - Registro insertado exitosamente: {'id': '8c96ae54-f7cc-4a16-b9db-fbdf98aa01ed', 'auth_id': '88feada2-12b1-4d1d-9d3b-8c10c5181101', 'full_name': 'Didier Arias', 'document_type': 'CC', 'document_number': '1038134311', 'phone': '3242834033', 'created_at': '2026-03-12T20:03:20.366199+00:00', 'updated_at': '2026-03-12T20:03:20.366199+00:00', 'email': '', 'is_active': True, 'password': None, 'role': 'CITIZEN'}
[2026-03-12 14:57:35,423] INFO [popular_consultation:74] services - === FIN INSERT RECORD ===
[2026-03-12 15:25:58,174] INFO [popular_consultation:58] services - SupabaseService inicializado
[2026-03-12 15:25:58,175] INFO [popular_consultation:58] services - SupabaseService inicializado
[2026-03-12 15:25:58,175] INFO [popular_consultation:58] services - SupabaseService inicializado
[2026-03-12 15:25:58,176] INFO [popular_consultation:58] services - SupabaseService inicializado
[2026-03-12 15:25:58,176] INFO [popular_consultation:269] services - ConsultationsService inicializado para tabla popular_consultations
[2026-03-12 15:32:55,038] INFO [popular_consultation:58] services - SupabaseService inicializado
[2026-03-12 15:32:55,039] INFO [popular_consultation:58] services - SupabaseService inicializado
[2026-03-12 15:32:55,039] INFO [popular_consultation:58] services - SupabaseService inicializado
[2026-03-12 15:32:55,039] INFO [popular_consultation:58] services - SupabaseService inicializado
[2026-03-12 15:32:55,039] INFO [popular_consultation:269] services - ConsultationsService inicializado para tabla popular_consultations
[2026-03-12 15:35:00,017] INFO [popular_consultation:58] services - SupabaseService inicializado
[2026-03-12 15:35:00,018] INFO [popular_consultation:58] services - SupabaseService inicializado
[2026-03-12 15:35:00,019] INFO [popular_consultation:58] services - SupabaseService inicializado
[2026-03-12 15:35:00,019] INFO [popular_consultation:58] services - SupabaseService inicializado
[2026-03-12 15:35:00,019] INFO [popular_consultation:269] services - ConsultationsService inicializado para tabla popular_consultations
[2026-03-12 15:36:52,448] INFO [popular_consultation:58] services - SupabaseService inicializado
[2026-03-12 15:36:54,233] INFO [popular_consultation:63] services - === INICIO INSERT RECORD EN TABLA votes_consult ===
[2026-03-12 15:36:54,233] INFO [popular_consultation:64] services - Datos a insertar: {'id': '9f5febdf-73f1-4c8b-a412-87d0f05886bf', 'id_consult': '2ab8f74f-0a79-4f3a-8f2f-5c0b661c203c', 'id_member': '2dd3f651-17d2-48a1-913d-765ccb3e29c4', 'id_party': '9764fb69-2488-4532-b085-678f099b1ba5', 'id_auth': '88feada2-12b1-4d1d-9d3b-8c10c5181101', 'value_vote': True, 'comment': ''}
[2026-03-12 15:36:54,441] INFO [popular_consultation:68] services - Resultado de inserción: data=[{'id': '9f5febdf-73f1-4c8b-a412-87d0f05886bf', 'id_consult': '2ab8f74f-0a79-4f3a-8f2f-5c0b661c203c', 'id_member': '2dd3f651-17d2-48a1-913d-765ccb3e29c4', 'id_party': '9764fb69-2488-4532-b085-678f099b1ba5', 'id_auth': '88feada2-12b1-4d1d-9d3b-8c10c5181101', 'value_vote': True, 'comment': '', 'created_at': '2026-03-12T20:42:39.434042+00:00'}] count=None
[2026-03-12 15:36:54,441] INFO [popular_consultation:71] services - Registro insertado exitosamente: {'id': '9f5febdf-73f1-4c8b-a412-87d0f05886bf', 'id_consult': '2ab8f74f-0a79-4f3a-8f2f-5c0b661c203c', 'id_member': '2dd3f651-17d2-48a1-913d-765ccb3e29c4', 'id_party': '9764fb69-2488-4532-b085-678f099b1ba5', 'id_auth': '88feada2-12b1-4d1d-9d3b-8c10c5181101', 'value_vote': True, 'comment': '', 'created_at': '2026-03-12T20:42:39.434042+00:00'}
[2026-03-12 15:36:54,442] INFO [popular_consultation:74] services - === FIN INSERT RECORD ===
